2025-02-12 21:33:43 [background-preinit] INFO  o.h.validator.internal.util.Version - HV000001: Hibernate Validator 6.2.5.Final
2025-02-12 21:33:43 [main] INFO  p.msgateway.MsgatewayApplication - Starting MsgatewayApplication using Java 11.0.25 on NTTD-C6JKR54 with PID 16108 (C:\Proyecto-1\gateway-service\target\classes started by avillonc in C:\Proyecto-1\gateway-service)
2025-02-12 21:33:43 [main] INFO  p.msgateway.MsgatewayApplication - No active profile set, falling back to 1 default profile: "default"
2025-02-12 21:33:44 [main] INFO  o.s.cloud.context.scope.GenericScope - BeanFactory id=3c333a60-562f-3855-b9d1-4c6c63e5eb43
2025-02-12 21:33:46 [main] INFO  o.s.c.g.r.RouteDefinitionRouteLocator - Loaded RoutePredicateFactory [After]
2025-02-12 21:33:46 [main] INFO  o.s.c.g.r.RouteDefinitionRouteLocator - Loaded RoutePredicateFactory [Before]
2025-02-12 21:33:46 [main] INFO  o.s.c.g.r.RouteDefinitionRouteLocator - Loaded RoutePredicateFactory [Between]
2025-02-12 21:33:46 [main] INFO  o.s.c.g.r.RouteDefinitionRouteLocator - Loaded RoutePredicateFactory [Cookie]
2025-02-12 21:33:46 [main] INFO  o.s.c.g.r.RouteDefinitionRouteLocator - Loaded RoutePredicateFactory [Header]
2025-02-12 21:33:46 [main] INFO  o.s.c.g.r.RouteDefinitionRouteLocator - Loaded RoutePredicateFactory [Host]
2025-02-12 21:33:46 [main] INFO  o.s.c.g.r.RouteDefinitionRouteLocator - Loaded RoutePredicateFactory [Method]
2025-02-12 21:33:46 [main] INFO  o.s.c.g.r.RouteDefinitionRouteLocator - Loaded RoutePredicateFactory [Path]
2025-02-12 21:33:46 [main] INFO  o.s.c.g.r.RouteDefinitionRouteLocator - Loaded RoutePredicateFactory [Query]
2025-02-12 21:33:46 [main] INFO  o.s.c.g.r.RouteDefinitionRouteLocator - Loaded RoutePredicateFactory [ReadBody]
2025-02-12 21:33:46 [main] INFO  o.s.c.g.r.RouteDefinitionRouteLocator - Loaded RoutePredicateFactory [RemoteAddr]
2025-02-12 21:33:46 [main] INFO  o.s.c.g.r.RouteDefinitionRouteLocator - Loaded RoutePredicateFactory [XForwardedRemoteAddr]
2025-02-12 21:33:46 [main] INFO  o.s.c.g.r.RouteDefinitionRouteLocator - Loaded RoutePredicateFactory [Weight]
2025-02-12 21:33:46 [main] INFO  o.s.c.g.r.RouteDefinitionRouteLocator - Loaded RoutePredicateFactory [CloudFoundryRouteService]
2025-02-12 21:33:46 [main] INFO  o.s.b.a.e.web.EndpointLinksResolver - Exposing 16 endpoint(s) beneath base path '/actuator'
2025-02-12 21:33:47 [main] INFO  o.s.b.w.e.netty.NettyWebServer - Netty started on port 8080
2025-02-12 21:33:47 [main] INFO  p.msgateway.MsgatewayApplication - Started MsgatewayApplication in 4.623 seconds (JVM running for 5.003)
2025-03-05 18:53:38 [background-preinit] INFO  o.h.validator.internal.util.Version - HV000001: Hibernate Validator 8.0.1.Final
2025-03-05 18:53:39 [main] INFO  o.s.c.c.c.ConfigServicePropertySourceLocator - Fetching config from server at : http://localhost:8888
2025-03-05 18:53:40 [main] INFO  o.s.c.c.c.ConfigServicePropertySourceLocator - Located environment: name=gateway-service, profiles=[default], label=null, version=cb681c96cdb31a115b6146a14a4fd8e2355c2d45, state=null
2025-03-05 18:53:40 [main] INFO  o.s.c.b.c.PropertySourceBootstrapConfiguration - Located property source: [BootstrapPropertySource {name='bootstrapProperties-configClient'}]
2025-03-05 18:53:41 [main] INFO  c.b.p.m.MsgatewayApplicationTests - No active profile set, falling back to 1 default profile: "default"
2025-03-05 18:53:42 [main] INFO  o.s.cloud.context.scope.GenericScope - BeanFactory id=6002cc4d-9fbf-398f-a508-131142a8ef6c
2025-03-05 18:53:43 [main] DEBUG o.s.c.g.config.GatewayProperties - Routes supplied from Gateway Properties: [RouteDefinition{id='ms-customer', predicates=[PredicateDefinition{name='Path', args={_genkey_0=/v1.0/customers/**}}], filters=[], uri=http://localhost:8081, order=0, metadata={}}, RouteDefinition{id='ms-accounts', predicates=[PredicateDefinition{name='Path', args={_genkey_0=/v1.0/accounts/**}}], filters=[], uri=http://localhost:8082, order=0, metadata={}}, RouteDefinition{id='ms-credits', predicates=[PredicateDefinition{name='Path', args={_genkey_0=/v1.0/credits/**}}], filters=[], uri=http://localhost:8083, order=0, metadata={}}, RouteDefinition{id='ms-transactions', predicates=[PredicateDefinition{name='Path', args={_genkey_0=/v1.0/transactions/**}}], filters=[], uri=http://localhost:8084, order=0, metadata={}}]
2025-03-05 18:53:43 [main] INFO  o.s.c.g.r.RouteDefinitionRouteLocator - Loaded RoutePredicateFactory [After]
2025-03-05 18:53:43 [main] INFO  o.s.c.g.r.RouteDefinitionRouteLocator - Loaded RoutePredicateFactory [Before]
2025-03-05 18:53:43 [main] INFO  o.s.c.g.r.RouteDefinitionRouteLocator - Loaded RoutePredicateFactory [Between]
2025-03-05 18:53:43 [main] INFO  o.s.c.g.r.RouteDefinitionRouteLocator - Loaded RoutePredicateFactory [Cookie]
2025-03-05 18:53:43 [main] INFO  o.s.c.g.r.RouteDefinitionRouteLocator - Loaded RoutePredicateFactory [Header]
2025-03-05 18:53:43 [main] INFO  o.s.c.g.r.RouteDefinitionRouteLocator - Loaded RoutePredicateFactory [Host]
2025-03-05 18:53:43 [main] INFO  o.s.c.g.r.RouteDefinitionRouteLocator - Loaded RoutePredicateFactory [Method]
2025-03-05 18:53:43 [main] INFO  o.s.c.g.r.RouteDefinitionRouteLocator - Loaded RoutePredicateFactory [Path]
2025-03-05 18:53:43 [main] INFO  o.s.c.g.r.RouteDefinitionRouteLocator - Loaded RoutePredicateFactory [Query]
2025-03-05 18:53:43 [main] INFO  o.s.c.g.r.RouteDefinitionRouteLocator - Loaded RoutePredicateFactory [ReadBody]
2025-03-05 18:53:43 [main] INFO  o.s.c.g.r.RouteDefinitionRouteLocator - Loaded RoutePredicateFactory [RemoteAddr]
2025-03-05 18:53:43 [main] INFO  o.s.c.g.r.RouteDefinitionRouteLocator - Loaded RoutePredicateFactory [XForwardedRemoteAddr]
2025-03-05 18:53:43 [main] INFO  o.s.c.g.r.RouteDefinitionRouteLocator - Loaded RoutePredicateFactory [Weight]
2025-03-05 18:53:43 [main] INFO  o.s.c.g.r.RouteDefinitionRouteLocator - Loaded RoutePredicateFactory [CloudFoundryRouteService]
2025-03-05 18:53:43 [main] INFO  o.s.b.a.e.web.EndpointLinksResolver - Exposing 15 endpoint(s) beneath base path '/actuator'
2025-03-05 18:53:43 [main] INFO  o.s.b.a.s.r.ReactiveUserDetailsServiceAutoConfiguration - 

Using generated security password: 773dec44-e47a-4fc5-a68d-fb9991f7b9de

2025-03-05 18:53:44 [main] DEBUG o.s.c.g.r.RouteDefinitionRouteLocator - RouteDefinition ms-customer applying {_genkey_0=/v1.0/customers/**} to Path
2025-03-05 18:53:44 [main] DEBUG o.s.c.g.r.RouteDefinitionRouteLocator - RouteDefinition matched: ms-customer
2025-03-05 18:53:44 [main] DEBUG o.s.c.g.r.RouteDefinitionRouteLocator - RouteDefinition ms-accounts applying {_genkey_0=/v1.0/accounts/**} to Path
2025-03-05 18:53:44 [main] DEBUG o.s.c.g.r.RouteDefinitionRouteLocator - RouteDefinition matched: ms-accounts
2025-03-05 18:53:44 [main] DEBUG o.s.c.g.r.RouteDefinitionRouteLocator - RouteDefinition ms-credits applying {_genkey_0=/v1.0/credits/**} to Path
2025-03-05 18:53:44 [main] DEBUG o.s.c.g.r.RouteDefinitionRouteLocator - RouteDefinition matched: ms-credits
2025-03-05 18:53:44 [main] DEBUG o.s.c.g.r.RouteDefinitionRouteLocator - RouteDefinition ms-transactions applying {_genkey_0=/v1.0/transactions/**} to Path
2025-03-05 18:53:44 [main] DEBUG o.s.c.g.r.RouteDefinitionRouteLocator - RouteDefinition matched: ms-transactions
2025-03-05 18:53:44 [main] DEBUG o.s.c.g.filter.GatewayMetricsFilter - New routes count: 4
2025-03-05 18:53:44 [main] INFO  c.b.p.m.MsgatewayApplicationTests - Started MsgatewayApplicationTests in 6.234 seconds (process running for 7.485)
2025-03-05 18:53:45 [main] INFO  o.s.t.c.s.AnnotationConfigContextLoaderUtils - Could not detect default configuration classes for test class [proyecto1.msgateway.MsgatewayApplicationTests]: MsgatewayApplicationTests does not declare any static, non-private, non-final, nested classes annotated with @Configuration.
2025-03-05 19:29:05 [background-preinit] INFO  o.h.validator.internal.util.Version - HV000001: Hibernate Validator 8.0.1.Final
2025-03-05 19:29:06 [main] INFO  o.s.c.c.c.ConfigServicePropertySourceLocator - Fetching config from server at : http://localhost:8888
2025-03-05 19:29:07 [main] INFO  o.s.c.c.c.ConfigServicePropertySourceLocator - Located environment: name=gateway-service, profiles=[default], label=null, version=70e5129e8d0bea0b940d8bec3fadc0e39a62b3f4, state=null
2025-03-05 19:29:07 [main] INFO  o.s.c.b.c.PropertySourceBootstrapConfiguration - Located property source: [BootstrapPropertySource {name='bootstrapProperties-configClient'}]
2025-03-05 19:29:07 [main] INFO  c.b.p.m.MsgatewayApplicationTests - No active profile set, falling back to 1 default profile: "default"
2025-03-05 19:29:08 [main] INFO  o.s.cloud.context.scope.GenericScope - BeanFactory id=6002cc4d-9fbf-398f-a508-131142a8ef6c
2025-03-05 19:29:09 [main] DEBUG o.s.c.g.config.GatewayProperties - Routes supplied from Gateway Properties: [RouteDefinition{id='ms-customer', predicates=[PredicateDefinition{name='Path', args={_genkey_0=/v1.0/customers/**}}], filters=[], uri=http://localhost:8081, order=0, metadata={}}, RouteDefinition{id='ms-accounts', predicates=[PredicateDefinition{name='Path', args={_genkey_0=/v1.0/accounts/**}}], filters=[], uri=http://localhost:8082, order=0, metadata={}}, RouteDefinition{id='ms-credits', predicates=[PredicateDefinition{name='Path', args={_genkey_0=/v1.0/credits/**}}], filters=[], uri=http://localhost:8083, order=0, metadata={}}, RouteDefinition{id='ms-transactions', predicates=[PredicateDefinition{name='Path', args={_genkey_0=/v1.0/transactions/**}}], filters=[], uri=http://localhost:8084, order=0, metadata={}}]
2025-03-05 19:29:10 [main] INFO  o.s.c.g.r.RouteDefinitionRouteLocator - Loaded RoutePredicateFactory [After]
2025-03-05 19:29:10 [main] INFO  o.s.c.g.r.RouteDefinitionRouteLocator - Loaded RoutePredicateFactory [Before]
2025-03-05 19:29:10 [main] INFO  o.s.c.g.r.RouteDefinitionRouteLocator - Loaded RoutePredicateFactory [Between]
2025-03-05 19:29:10 [main] INFO  o.s.c.g.r.RouteDefinitionRouteLocator - Loaded RoutePredicateFactory [Cookie]
2025-03-05 19:29:10 [main] INFO  o.s.c.g.r.RouteDefinitionRouteLocator - Loaded RoutePredicateFactory [Header]
2025-03-05 19:29:10 [main] INFO  o.s.c.g.r.RouteDefinitionRouteLocator - Loaded RoutePredicateFactory [Host]
2025-03-05 19:29:10 [main] INFO  o.s.c.g.r.RouteDefinitionRouteLocator - Loaded RoutePredicateFactory [Method]
2025-03-05 19:29:10 [main] INFO  o.s.c.g.r.RouteDefinitionRouteLocator - Loaded RoutePredicateFactory [Path]
2025-03-05 19:29:10 [main] INFO  o.s.c.g.r.RouteDefinitionRouteLocator - Loaded RoutePredicateFactory [Query]
2025-03-05 19:29:10 [main] INFO  o.s.c.g.r.RouteDefinitionRouteLocator - Loaded RoutePredicateFactory [ReadBody]
2025-03-05 19:29:10 [main] INFO  o.s.c.g.r.RouteDefinitionRouteLocator - Loaded RoutePredicateFactory [RemoteAddr]
2025-03-05 19:29:10 [main] INFO  o.s.c.g.r.RouteDefinitionRouteLocator - Loaded RoutePredicateFactory [XForwardedRemoteAddr]
2025-03-05 19:29:10 [main] INFO  o.s.c.g.r.RouteDefinitionRouteLocator - Loaded RoutePredicateFactory [Weight]
2025-03-05 19:29:10 [main] INFO  o.s.c.g.r.RouteDefinitionRouteLocator - Loaded RoutePredicateFactory [CloudFoundryRouteService]
2025-03-05 19:29:10 [main] INFO  o.s.b.a.e.web.EndpointLinksResolver - Exposing 15 endpoint(s) beneath base path '/actuator'
2025-03-05 19:29:10 [main] INFO  o.s.b.a.s.r.ReactiveUserDetailsServiceAutoConfiguration - 

Using generated security password: b9871cfd-bcb5-408b-8352-7fd4864dbc0c

2025-03-05 19:29:11 [main] DEBUG o.s.c.g.r.RouteDefinitionRouteLocator - RouteDefinition ms-customer applying {_genkey_0=/v1.0/customers/**} to Path
2025-03-05 19:29:11 [main] DEBUG o.s.c.g.r.RouteDefinitionRouteLocator - RouteDefinition matched: ms-customer
2025-03-05 19:29:11 [main] DEBUG o.s.c.g.r.RouteDefinitionRouteLocator - RouteDefinition ms-accounts applying {_genkey_0=/v1.0/accounts/**} to Path
2025-03-05 19:29:11 [main] DEBUG o.s.c.g.r.RouteDefinitionRouteLocator - RouteDefinition matched: ms-accounts
2025-03-05 19:29:11 [main] DEBUG o.s.c.g.r.RouteDefinitionRouteLocator - RouteDefinition ms-credits applying {_genkey_0=/v1.0/credits/**} to Path
2025-03-05 19:29:11 [main] DEBUG o.s.c.g.r.RouteDefinitionRouteLocator - RouteDefinition matched: ms-credits
2025-03-05 19:29:11 [main] DEBUG o.s.c.g.r.RouteDefinitionRouteLocator - RouteDefinition ms-transactions applying {_genkey_0=/v1.0/transactions/**} to Path
2025-03-05 19:29:11 [main] DEBUG o.s.c.g.r.RouteDefinitionRouteLocator - RouteDefinition matched: ms-transactions
2025-03-05 19:29:11 [main] DEBUG o.s.c.g.filter.GatewayMetricsFilter - New routes count: 4
2025-03-05 19:29:11 [main] INFO  c.b.p.m.MsgatewayApplicationTests - Started MsgatewayApplicationTests in 6.936 seconds (process running for 8.432)
2025-03-05 19:29:12 [main] INFO  o.s.t.c.s.AnnotationConfigContextLoaderUtils - Could not detect default configuration classes for test class [proyecto1.msgateway.MsgatewayApplicationTests]: MsgatewayApplicationTests does not declare any static, non-private, non-final, nested classes annotated with @Configuration.
2025-03-05 19:30:40 [background-preinit] INFO  o.h.validator.internal.util.Version - HV000001: Hibernate Validator 8.0.1.Final
2025-03-05 19:30:41 [main] INFO  o.s.c.c.c.ConfigServicePropertySourceLocator - Fetching config from server at : http://localhost:8888
2025-03-05 19:30:42 [main] INFO  o.s.c.c.c.ConfigServicePropertySourceLocator - Located environment: name=gateway-service, profiles=[default], label=null, version=70e5129e8d0bea0b940d8bec3fadc0e39a62b3f4, state=null
2025-03-05 19:30:42 [main] INFO  o.s.c.b.c.PropertySourceBootstrapConfiguration - Located property source: [BootstrapPropertySource {name='bootstrapProperties-configClient'}]
2025-03-05 19:30:42 [main] INFO  c.b.p.m.MsgatewayApplicationTests - No active profile set, falling back to 1 default profile: "default"
2025-03-05 19:30:43 [main] INFO  o.s.cloud.context.scope.GenericScope - BeanFactory id=6002cc4d-9fbf-398f-a508-131142a8ef6c
2025-03-05 19:30:44 [main] DEBUG o.s.c.g.config.GatewayProperties - Routes supplied from Gateway Properties: [RouteDefinition{id='ms-customer', predicates=[PredicateDefinition{name='Path', args={_genkey_0=/v1.0/customers/**}}], filters=[], uri=http://localhost:8081, order=0, metadata={}}, RouteDefinition{id='ms-accounts', predicates=[PredicateDefinition{name='Path', args={_genkey_0=/v1.0/accounts/**}}], filters=[], uri=http://localhost:8082, order=0, metadata={}}, RouteDefinition{id='ms-credits', predicates=[PredicateDefinition{name='Path', args={_genkey_0=/v1.0/credits/**}}], filters=[], uri=http://localhost:8083, order=0, metadata={}}, RouteDefinition{id='ms-transactions', predicates=[PredicateDefinition{name='Path', args={_genkey_0=/v1.0/transactions/**}}], filters=[], uri=http://localhost:8084, order=0, metadata={}}]
2025-03-05 19:30:44 [main] INFO  o.s.c.g.r.RouteDefinitionRouteLocator - Loaded RoutePredicateFactory [After]
2025-03-05 19:30:44 [main] INFO  o.s.c.g.r.RouteDefinitionRouteLocator - Loaded RoutePredicateFactory [Before]
2025-03-05 19:30:44 [main] INFO  o.s.c.g.r.RouteDefinitionRouteLocator - Loaded RoutePredicateFactory [Between]
2025-03-05 19:30:44 [main] INFO  o.s.c.g.r.RouteDefinitionRouteLocator - Loaded RoutePredicateFactory [Cookie]
2025-03-05 19:30:44 [main] INFO  o.s.c.g.r.RouteDefinitionRouteLocator - Loaded RoutePredicateFactory [Header]
2025-03-05 19:30:44 [main] INFO  o.s.c.g.r.RouteDefinitionRouteLocator - Loaded RoutePredicateFactory [Host]
2025-03-05 19:30:44 [main] INFO  o.s.c.g.r.RouteDefinitionRouteLocator - Loaded RoutePredicateFactory [Method]
2025-03-05 19:30:44 [main] INFO  o.s.c.g.r.RouteDefinitionRouteLocator - Loaded RoutePredicateFactory [Path]
2025-03-05 19:30:44 [main] INFO  o.s.c.g.r.RouteDefinitionRouteLocator - Loaded RoutePredicateFactory [Query]
2025-03-05 19:30:44 [main] INFO  o.s.c.g.r.RouteDefinitionRouteLocator - Loaded RoutePredicateFactory [ReadBody]
2025-03-05 19:30:44 [main] INFO  o.s.c.g.r.RouteDefinitionRouteLocator - Loaded RoutePredicateFactory [RemoteAddr]
2025-03-05 19:30:44 [main] INFO  o.s.c.g.r.RouteDefinitionRouteLocator - Loaded RoutePredicateFactory [XForwardedRemoteAddr]
2025-03-05 19:30:44 [main] INFO  o.s.c.g.r.RouteDefinitionRouteLocator - Loaded RoutePredicateFactory [Weight]
2025-03-05 19:30:44 [main] INFO  o.s.c.g.r.RouteDefinitionRouteLocator - Loaded RoutePredicateFactory [CloudFoundryRouteService]
2025-03-05 19:30:45 [main] INFO  o.s.b.a.e.web.EndpointLinksResolver - Exposing 15 endpoint(s) beneath base path '/actuator'
2025-03-05 19:30:45 [main] INFO  o.s.b.a.s.r.ReactiveUserDetailsServiceAutoConfiguration - 

Using generated security password: 3bc586e3-99a4-4345-97a8-d4adafe78f87

2025-03-05 19:30:45 [main] DEBUG o.s.c.g.r.RouteDefinitionRouteLocator - RouteDefinition ms-customer applying {_genkey_0=/v1.0/customers/**} to Path
2025-03-05 19:30:45 [main] DEBUG o.s.c.g.r.RouteDefinitionRouteLocator - RouteDefinition matched: ms-customer
2025-03-05 19:30:45 [main] DEBUG o.s.c.g.r.RouteDefinitionRouteLocator - RouteDefinition ms-accounts applying {_genkey_0=/v1.0/accounts/**} to Path
2025-03-05 19:30:45 [main] DEBUG o.s.c.g.r.RouteDefinitionRouteLocator - RouteDefinition matched: ms-accounts
2025-03-05 19:30:45 [main] DEBUG o.s.c.g.r.RouteDefinitionRouteLocator - RouteDefinition ms-credits applying {_genkey_0=/v1.0/credits/**} to Path
2025-03-05 19:30:45 [main] DEBUG o.s.c.g.r.RouteDefinitionRouteLocator - RouteDefinition matched: ms-credits
2025-03-05 19:30:45 [main] DEBUG o.s.c.g.r.RouteDefinitionRouteLocator - RouteDefinition ms-transactions applying {_genkey_0=/v1.0/transactions/**} to Path
2025-03-05 19:30:45 [main] DEBUG o.s.c.g.r.RouteDefinitionRouteLocator - RouteDefinition matched: ms-transactions
2025-03-05 19:30:45 [main] DEBUG o.s.c.g.filter.GatewayMetricsFilter - New routes count: 4
2025-03-05 19:30:45 [main] INFO  c.b.p.m.MsgatewayApplicationTests - Started MsgatewayApplicationTests in 5.747 seconds (process running for 7.035)
2025-03-05 19:30:46 [main] INFO  o.s.t.c.s.AnnotationConfigContextLoaderUtils - Could not detect default configuration classes for test class [proyecto1.msgateway.MsgatewayApplicationTests]: MsgatewayApplicationTests does not declare any static, non-private, non-final, nested classes annotated with @Configuration.
2025-03-05 19:31:31 [background-preinit] INFO  o.h.validator.internal.util.Version - HV000001: Hibernate Validator 8.0.1.Final
2025-03-05 19:31:32 [main] INFO  o.s.c.c.c.ConfigServicePropertySourceLocator - Fetching config from server at : http://localhost:8888
2025-03-05 19:31:33 [main] INFO  o.s.c.c.c.ConfigServicePropertySourceLocator - Located environment: name=ms-gateway, profiles=[default], label=null, version=70e5129e8d0bea0b940d8bec3fadc0e39a62b3f4, state=null
2025-03-05 19:31:33 [main] INFO  o.s.c.b.c.PropertySourceBootstrapConfiguration - Located property source: [BootstrapPropertySource {name='bootstrapProperties-configClient'}, BootstrapPropertySource {name='bootstrapProperties-https://github.com/aliciaVillon/ms-admin-server-data.git/ms-gateway.yml'}]
2025-03-05 19:31:33 [main] INFO  c.b.p.m.MsgatewayApplicationTests - No active profile set, falling back to 1 default profile: "default"
2025-03-05 19:31:34 [main] INFO  o.s.cloud.context.scope.GenericScope - BeanFactory id=6002cc4d-9fbf-398f-a508-131142a8ef6c
2025-03-05 19:31:35 [main] DEBUG o.s.c.g.config.GatewayProperties - Routes supplied from Gateway Properties: [RouteDefinition{id='ms-customer', predicates=[PredicateDefinition{name='Path', args={_genkey_0=/api/v1/customers/**}}], filters=[], uri=http://localhost:8081, order=0, metadata={}}, RouteDefinition{id='ms-accounts', predicates=[PredicateDefinition{name='Path', args={_genkey_0=/v1.0/accounts/**}}], filters=[], uri=http://localhost:8082, order=0, metadata={}}, RouteDefinition{id='ms-credits', predicates=[PredicateDefinition{name='Path', args={_genkey_0=/v1.0/credits/**}}], filters=[], uri=http://localhost:8083, order=0, metadata={}}, RouteDefinition{id='ms-transactions', predicates=[PredicateDefinition{name='Path', args={_genkey_0=/v1.0/transactions/**}}], filters=[], uri=http://localhost:8084, order=0, metadata={}}, RouteDefinition{id='ms-authentication', predicates=[PredicateDefinition{name='Path', args={_genkey_0=/v1.0/auth/**}}], filters=[], uri=http://localhost:8088, order=0, metadata={}}]
2025-03-05 19:31:35 [main] INFO  o.s.c.g.r.RouteDefinitionRouteLocator - Loaded RoutePredicateFactory [After]
2025-03-05 19:31:35 [main] INFO  o.s.c.g.r.RouteDefinitionRouteLocator - Loaded RoutePredicateFactory [Before]
2025-03-05 19:31:35 [main] INFO  o.s.c.g.r.RouteDefinitionRouteLocator - Loaded RoutePredicateFactory [Between]
2025-03-05 19:31:35 [main] INFO  o.s.c.g.r.RouteDefinitionRouteLocator - Loaded RoutePredicateFactory [Cookie]
2025-03-05 19:31:35 [main] INFO  o.s.c.g.r.RouteDefinitionRouteLocator - Loaded RoutePredicateFactory [Header]
2025-03-05 19:31:35 [main] INFO  o.s.c.g.r.RouteDefinitionRouteLocator - Loaded RoutePredicateFactory [Host]
2025-03-05 19:31:35 [main] INFO  o.s.c.g.r.RouteDefinitionRouteLocator - Loaded RoutePredicateFactory [Method]
2025-03-05 19:31:35 [main] INFO  o.s.c.g.r.RouteDefinitionRouteLocator - Loaded RoutePredicateFactory [Path]
2025-03-05 19:31:35 [main] INFO  o.s.c.g.r.RouteDefinitionRouteLocator - Loaded RoutePredicateFactory [Query]
2025-03-05 19:31:35 [main] INFO  o.s.c.g.r.RouteDefinitionRouteLocator - Loaded RoutePredicateFactory [ReadBody]
2025-03-05 19:31:35 [main] INFO  o.s.c.g.r.RouteDefinitionRouteLocator - Loaded RoutePredicateFactory [RemoteAddr]
2025-03-05 19:31:35 [main] INFO  o.s.c.g.r.RouteDefinitionRouteLocator - Loaded RoutePredicateFactory [XForwardedRemoteAddr]
2025-03-05 19:31:35 [main] INFO  o.s.c.g.r.RouteDefinitionRouteLocator - Loaded RoutePredicateFactory [Weight]
2025-03-05 19:31:35 [main] INFO  o.s.c.g.r.RouteDefinitionRouteLocator - Loaded RoutePredicateFactory [CloudFoundryRouteService]
2025-03-05 19:31:36 [main] INFO  o.s.b.a.e.web.EndpointLinksResolver - Exposing 15 endpoint(s) beneath base path '/actuator'
2025-03-05 19:31:36 [main] INFO  o.s.b.a.s.r.ReactiveUserDetailsServiceAutoConfiguration - 

Using generated security password: a569414a-3c3e-430c-8c10-70dcfc9cd86e

2025-03-05 19:31:36 [main] DEBUG o.s.c.g.r.RouteDefinitionRouteLocator - RouteDefinition ms-customer applying {_genkey_0=/api/v1/customers/**} to Path
2025-03-05 19:31:36 [main] DEBUG o.s.c.g.r.RouteDefinitionRouteLocator - RouteDefinition matched: ms-customer
2025-03-05 19:31:36 [main] DEBUG o.s.c.g.r.RouteDefinitionRouteLocator - RouteDefinition ms-accounts applying {_genkey_0=/v1.0/accounts/**} to Path
2025-03-05 19:31:36 [main] DEBUG o.s.c.g.r.RouteDefinitionRouteLocator - RouteDefinition matched: ms-accounts
2025-03-05 19:31:36 [main] DEBUG o.s.c.g.r.RouteDefinitionRouteLocator - RouteDefinition ms-credits applying {_genkey_0=/v1.0/credits/**} to Path
2025-03-05 19:31:36 [main] DEBUG o.s.c.g.r.RouteDefinitionRouteLocator - RouteDefinition matched: ms-credits
2025-03-05 19:31:36 [main] DEBUG o.s.c.g.r.RouteDefinitionRouteLocator - RouteDefinition ms-transactions applying {_genkey_0=/v1.0/transactions/**} to Path
2025-03-05 19:31:36 [main] DEBUG o.s.c.g.r.RouteDefinitionRouteLocator - RouteDefinition matched: ms-transactions
2025-03-05 19:31:36 [main] DEBUG o.s.c.g.r.RouteDefinitionRouteLocator - RouteDefinition ms-authentication applying {_genkey_0=/v1.0/auth/**} to Path
2025-03-05 19:31:36 [main] DEBUG o.s.c.g.r.RouteDefinitionRouteLocator - RouteDefinition matched: ms-authentication
2025-03-05 19:31:36 [main] DEBUG o.s.c.g.filter.GatewayMetricsFilter - New routes count: 5
2025-03-05 19:31:36 [main] INFO  c.b.p.m.MsgatewayApplicationTests - Started MsgatewayApplicationTests in 5.586 seconds (process running for 6.782)
2025-03-05 19:32:02 [background-preinit] INFO  o.h.validator.internal.util.Version - HV000001: Hibernate Validator 8.0.1.Final
2025-03-05 19:32:03 [main] INFO  o.s.c.c.c.ConfigServicePropertySourceLocator - Fetching config from server at : http://localhost:8888
2025-03-05 19:32:04 [main] INFO  o.s.c.c.c.ConfigServicePropertySourceLocator - Located environment: name=ms-gateway, profiles=[default], label=null, version=70e5129e8d0bea0b940d8bec3fadc0e39a62b3f4, state=null
2025-03-05 19:32:04 [main] INFO  o.s.c.b.c.PropertySourceBootstrapConfiguration - Located property source: [BootstrapPropertySource {name='bootstrapProperties-configClient'}, BootstrapPropertySource {name='bootstrapProperties-https://github.com/aliciaVillon/ms-admin-server-data.git/ms-gateway.yml'}]
2025-03-05 19:32:04 [main] INFO  c.b.p.msgateway.MsgatewayApplication - No active profile set, falling back to 1 default profile: "default"
2025-03-05 19:32:05 [main] INFO  o.s.cloud.context.scope.GenericScope - BeanFactory id=45b67648-ed2d-3836-97ee-3959ce007a2c
2025-03-05 19:32:06 [main] DEBUG o.s.c.g.config.GatewayProperties - Routes supplied from Gateway Properties: [RouteDefinition{id='ms-customer', predicates=[PredicateDefinition{name='Path', args={_genkey_0=/api/v1/customers/**}}], filters=[], uri=http://localhost:8081, order=0, metadata={}}, RouteDefinition{id='ms-accounts', predicates=[PredicateDefinition{name='Path', args={_genkey_0=/v1.0/accounts/**}}], filters=[], uri=http://localhost:8082, order=0, metadata={}}, RouteDefinition{id='ms-credits', predicates=[PredicateDefinition{name='Path', args={_genkey_0=/v1.0/credits/**}}], filters=[], uri=http://localhost:8083, order=0, metadata={}}, RouteDefinition{id='ms-transactions', predicates=[PredicateDefinition{name='Path', args={_genkey_0=/v1.0/transactions/**}}], filters=[], uri=http://localhost:8084, order=0, metadata={}}, RouteDefinition{id='ms-authentication', predicates=[PredicateDefinition{name='Path', args={_genkey_0=/v1.0/auth/**}}], filters=[], uri=http://localhost:8088, order=0, metadata={}}]
2025-03-05 19:32:06 [main] INFO  o.s.c.g.r.RouteDefinitionRouteLocator - Loaded RoutePredicateFactory [After]
2025-03-05 19:32:06 [main] INFO  o.s.c.g.r.RouteDefinitionRouteLocator - Loaded RoutePredicateFactory [Before]
2025-03-05 19:32:06 [main] INFO  o.s.c.g.r.RouteDefinitionRouteLocator - Loaded RoutePredicateFactory [Between]
2025-03-05 19:32:06 [main] INFO  o.s.c.g.r.RouteDefinitionRouteLocator - Loaded RoutePredicateFactory [Cookie]
2025-03-05 19:32:06 [main] INFO  o.s.c.g.r.RouteDefinitionRouteLocator - Loaded RoutePredicateFactory [Header]
2025-03-05 19:32:06 [main] INFO  o.s.c.g.r.RouteDefinitionRouteLocator - Loaded RoutePredicateFactory [Host]
2025-03-05 19:32:06 [main] INFO  o.s.c.g.r.RouteDefinitionRouteLocator - Loaded RoutePredicateFactory [Method]
2025-03-05 19:32:06 [main] INFO  o.s.c.g.r.RouteDefinitionRouteLocator - Loaded RoutePredicateFactory [Path]
2025-03-05 19:32:06 [main] INFO  o.s.c.g.r.RouteDefinitionRouteLocator - Loaded RoutePredicateFactory [Query]
2025-03-05 19:32:06 [main] INFO  o.s.c.g.r.RouteDefinitionRouteLocator - Loaded RoutePredicateFactory [ReadBody]
2025-03-05 19:32:06 [main] INFO  o.s.c.g.r.RouteDefinitionRouteLocator - Loaded RoutePredicateFactory [RemoteAddr]
2025-03-05 19:32:06 [main] INFO  o.s.c.g.r.RouteDefinitionRouteLocator - Loaded RoutePredicateFactory [XForwardedRemoteAddr]
2025-03-05 19:32:06 [main] INFO  o.s.c.g.r.RouteDefinitionRouteLocator - Loaded RoutePredicateFactory [Weight]
2025-03-05 19:32:06 [main] INFO  o.s.c.g.r.RouteDefinitionRouteLocator - Loaded RoutePredicateFactory [CloudFoundryRouteService]
2025-03-05 19:32:06 [main] INFO  o.s.b.a.e.web.EndpointLinksResolver - Exposing 15 endpoint(s) beneath base path '/actuator'
2025-03-05 19:32:06 [main] INFO  o.s.b.a.s.r.ReactiveUserDetailsServiceAutoConfiguration - 

Using generated security password: d58ceae1-37e3-47a2-86d6-2a248db37ee4

2025-03-05 19:32:07 [main] INFO  o.s.b.w.e.netty.NettyWebServer - Netty started on port 8080
2025-03-05 19:32:07 [main] DEBUG o.s.c.g.r.RouteDefinitionRouteLocator - RouteDefinition ms-customer applying {_genkey_0=/api/v1/customers/**} to Path
2025-03-05 19:32:07 [main] DEBUG o.s.c.g.r.RouteDefinitionRouteLocator - RouteDefinition matched: ms-customer
2025-03-05 19:32:07 [main] DEBUG o.s.c.g.r.RouteDefinitionRouteLocator - RouteDefinition ms-accounts applying {_genkey_0=/v1.0/accounts/**} to Path
2025-03-05 19:32:07 [main] DEBUG o.s.c.g.r.RouteDefinitionRouteLocator - RouteDefinition matched: ms-accounts
2025-03-05 19:32:07 [main] DEBUG o.s.c.g.r.RouteDefinitionRouteLocator - RouteDefinition ms-credits applying {_genkey_0=/v1.0/credits/**} to Path
2025-03-05 19:32:07 [main] DEBUG o.s.c.g.r.RouteDefinitionRouteLocator - RouteDefinition matched: ms-credits
2025-03-05 19:32:07 [main] DEBUG o.s.c.g.r.RouteDefinitionRouteLocator - RouteDefinition ms-transactions applying {_genkey_0=/v1.0/transactions/**} to Path
2025-03-05 19:32:07 [main] DEBUG o.s.c.g.r.RouteDefinitionRouteLocator - RouteDefinition matched: ms-transactions
2025-03-05 19:32:07 [main] DEBUG o.s.c.g.r.RouteDefinitionRouteLocator - RouteDefinition ms-authentication applying {_genkey_0=/v1.0/auth/**} to Path
2025-03-05 19:32:07 [main] DEBUG o.s.c.g.r.RouteDefinitionRouteLocator - RouteDefinition matched: ms-authentication
2025-03-05 19:32:07 [main] DEBUG o.s.c.g.filter.GatewayMetricsFilter - New routes count: 5
2025-03-05 19:32:07 [main] INFO  c.b.p.msgateway.MsgatewayApplication - Started MsgatewayApplication in 6.727 seconds (process running for 7.375)
2025-03-05 22:00:01 [background-preinit] INFO  o.h.validator.internal.util.Version - HV000001: Hibernate Validator 8.0.1.Final
2025-03-05 22:00:02 [main] INFO  o.s.c.c.c.ConfigServicePropertySourceLocator - Fetching config from server at : http://localhost:8888
2025-03-05 22:00:03 [main] INFO  o.s.c.c.c.ConfigServicePropertySourceLocator - Located environment: name=ms-gateway, profiles=[default], label=null, version=e6e58b0c5c167be44e84b4f1d28239ddc7bd7d1d, state=null
2025-03-05 22:00:03 [main] INFO  o.s.c.b.c.PropertySourceBootstrapConfiguration - Located property source: [BootstrapPropertySource {name='bootstrapProperties-configClient'}, BootstrapPropertySource {name='bootstrapProperties-https://github.com/avillonBootcamp59/ms-admin-server-data/ms-gateway.yml'}]
2025-03-05 22:00:03 [main] INFO  c.b.p.msgateway.MsgatewayApplication - No active profile set, falling back to 1 default profile: "default"
2025-03-05 22:00:05 [main] INFO  o.s.cloud.context.scope.GenericScope - BeanFactory id=45b67648-ed2d-3836-97ee-3959ce007a2c
2025-03-05 22:00:05 [main] DEBUG o.s.c.g.config.GatewayProperties - Routes supplied from Gateway Properties: [RouteDefinition{id='ms-customer', predicates=[PredicateDefinition{name='Path', args={_genkey_0=/api/v1/customers/**}}], filters=[], uri=http://localhost:8081, order=0, metadata={}}, RouteDefinition{id='ms-accounts', predicates=[PredicateDefinition{name='Path', args={_genkey_0=/v1.0/accounts/**}}], filters=[], uri=http://localhost:8082, order=0, metadata={}}, RouteDefinition{id='ms-credits', predicates=[PredicateDefinition{name='Path', args={_genkey_0=/v1.0/credits/**}}], filters=[], uri=http://localhost:8083, order=0, metadata={}}, RouteDefinition{id='ms-transactions', predicates=[PredicateDefinition{name='Path', args={_genkey_0=/v1.0/transactions/**}}], filters=[], uri=http://localhost:8084, order=0, metadata={}}, RouteDefinition{id='ms-authentication', predicates=[PredicateDefinition{name='Path', args={_genkey_0=/api/v1/auth/**}}], filters=[], uri=http://localhost:8088, order=0, metadata={}}]
2025-03-05 22:00:06 [main] INFO  o.s.c.g.r.RouteDefinitionRouteLocator - Loaded RoutePredicateFactory [After]
2025-03-05 22:00:06 [main] INFO  o.s.c.g.r.RouteDefinitionRouteLocator - Loaded RoutePredicateFactory [Before]
2025-03-05 22:00:06 [main] INFO  o.s.c.g.r.RouteDefinitionRouteLocator - Loaded RoutePredicateFactory [Between]
2025-03-05 22:00:06 [main] INFO  o.s.c.g.r.RouteDefinitionRouteLocator - Loaded RoutePredicateFactory [Cookie]
2025-03-05 22:00:06 [main] INFO  o.s.c.g.r.RouteDefinitionRouteLocator - Loaded RoutePredicateFactory [Header]
2025-03-05 22:00:06 [main] INFO  o.s.c.g.r.RouteDefinitionRouteLocator - Loaded RoutePredicateFactory [Host]
2025-03-05 22:00:06 [main] INFO  o.s.c.g.r.RouteDefinitionRouteLocator - Loaded RoutePredicateFactory [Method]
2025-03-05 22:00:06 [main] INFO  o.s.c.g.r.RouteDefinitionRouteLocator - Loaded RoutePredicateFactory [Path]
2025-03-05 22:00:06 [main] INFO  o.s.c.g.r.RouteDefinitionRouteLocator - Loaded RoutePredicateFactory [Query]
2025-03-05 22:00:06 [main] INFO  o.s.c.g.r.RouteDefinitionRouteLocator - Loaded RoutePredicateFactory [ReadBody]
2025-03-05 22:00:06 [main] INFO  o.s.c.g.r.RouteDefinitionRouteLocator - Loaded RoutePredicateFactory [RemoteAddr]
2025-03-05 22:00:06 [main] INFO  o.s.c.g.r.RouteDefinitionRouteLocator - Loaded RoutePredicateFactory [XForwardedRemoteAddr]
2025-03-05 22:00:06 [main] INFO  o.s.c.g.r.RouteDefinitionRouteLocator - Loaded RoutePredicateFactory [Weight]
2025-03-05 22:00:06 [main] INFO  o.s.c.g.r.RouteDefinitionRouteLocator - Loaded RoutePredicateFactory [CloudFoundryRouteService]
2025-03-05 22:00:06 [main] INFO  o.s.b.a.e.web.EndpointLinksResolver - Exposing 15 endpoint(s) beneath base path '/actuator'
2025-03-05 22:00:06 [main] INFO  o.s.b.a.s.r.ReactiveUserDetailsServiceAutoConfiguration - 

Using generated security password: 6e598226-7fcc-4ce7-a283-7b90fba190ec

2025-03-05 22:00:07 [main] INFO  o.s.b.w.e.netty.NettyWebServer - Netty started on port 8080
2025-03-05 22:00:07 [main] DEBUG o.s.c.g.r.RouteDefinitionRouteLocator - RouteDefinition ms-customer applying {_genkey_0=/api/v1/customers/**} to Path
2025-03-05 22:00:07 [main] DEBUG o.s.c.g.r.RouteDefinitionRouteLocator - RouteDefinition matched: ms-customer
2025-03-05 22:00:07 [main] DEBUG o.s.c.g.r.RouteDefinitionRouteLocator - RouteDefinition ms-accounts applying {_genkey_0=/v1.0/accounts/**} to Path
2025-03-05 22:00:07 [main] DEBUG o.s.c.g.r.RouteDefinitionRouteLocator - RouteDefinition matched: ms-accounts
2025-03-05 22:00:07 [main] DEBUG o.s.c.g.r.RouteDefinitionRouteLocator - RouteDefinition ms-credits applying {_genkey_0=/v1.0/credits/**} to Path
2025-03-05 22:00:07 [main] DEBUG o.s.c.g.r.RouteDefinitionRouteLocator - RouteDefinition matched: ms-credits
2025-03-05 22:00:07 [main] DEBUG o.s.c.g.r.RouteDefinitionRouteLocator - RouteDefinition ms-transactions applying {_genkey_0=/v1.0/transactions/**} to Path
2025-03-05 22:00:07 [main] DEBUG o.s.c.g.r.RouteDefinitionRouteLocator - RouteDefinition matched: ms-transactions
2025-03-05 22:00:07 [main] DEBUG o.s.c.g.r.RouteDefinitionRouteLocator - RouteDefinition ms-authentication applying {_genkey_0=/api/v1/auth/**} to Path
2025-03-05 22:00:07 [main] DEBUG o.s.c.g.r.RouteDefinitionRouteLocator - RouteDefinition matched: ms-authentication
2025-03-05 22:00:07 [main] DEBUG o.s.c.g.filter.GatewayMetricsFilter - New routes count: 5
2025-03-05 22:00:07 [main] INFO  c.b.p.msgateway.MsgatewayApplication - Started MsgatewayApplication in 6.715 seconds (process running for 7.314)
2025-03-05 22:19:33 [background-preinit] INFO  o.h.validator.internal.util.Version - HV000001: Hibernate Validator 8.0.1.Final
2025-03-05 22:19:34 [main] INFO  o.s.c.c.c.ConfigServicePropertySourceLocator - Fetching config from server at : http://localhost:8888
2025-03-05 22:19:35 [main] INFO  o.s.c.c.c.ConfigServicePropertySourceLocator - Located environment: name=ms-gateway, profiles=[default], label=null, version=e6e58b0c5c167be44e84b4f1d28239ddc7bd7d1d, state=null
2025-03-05 22:19:35 [main] INFO  o.s.c.b.c.PropertySourceBootstrapConfiguration - Located property source: [BootstrapPropertySource {name='bootstrapProperties-configClient'}, BootstrapPropertySource {name='bootstrapProperties-https://github.com/avillonBootcamp59/ms-admin-server-data/ms-gateway.yml'}]
2025-03-05 22:19:35 [main] INFO  c.b.p.msgateway.MsgatewayApplication - No active profile set, falling back to 1 default profile: "default"
2025-03-05 22:19:36 [main] INFO  o.s.cloud.context.scope.GenericScope - BeanFactory id=45b67648-ed2d-3836-97ee-3959ce007a2c
2025-03-05 22:19:37 [main] DEBUG o.s.c.g.config.GatewayProperties - Routes supplied from Gateway Properties: [RouteDefinition{id='ms-customer', predicates=[PredicateDefinition{name='Path', args={_genkey_0=/api/v1/customers/**}}], filters=[], uri=http://localhost:8081, order=0, metadata={}}, RouteDefinition{id='ms-accounts', predicates=[PredicateDefinition{name='Path', args={_genkey_0=/v1.0/accounts/**}}], filters=[], uri=http://localhost:8082, order=0, metadata={}}, RouteDefinition{id='ms-credits', predicates=[PredicateDefinition{name='Path', args={_genkey_0=/v1.0/credits/**}}], filters=[], uri=http://localhost:8083, order=0, metadata={}}, RouteDefinition{id='ms-transactions', predicates=[PredicateDefinition{name='Path', args={_genkey_0=/v1.0/transactions/**}}], filters=[], uri=http://localhost:8084, order=0, metadata={}}, RouteDefinition{id='ms-authentication', predicates=[PredicateDefinition{name='Path', args={_genkey_0=/api/v1/auth/**}}], filters=[], uri=http://localhost:8088, order=0, metadata={}}]
2025-03-05 22:19:38 [main] INFO  o.s.c.g.r.RouteDefinitionRouteLocator - Loaded RoutePredicateFactory [After]
2025-03-05 22:19:38 [main] INFO  o.s.c.g.r.RouteDefinitionRouteLocator - Loaded RoutePredicateFactory [Before]
2025-03-05 22:19:38 [main] INFO  o.s.c.g.r.RouteDefinitionRouteLocator - Loaded RoutePredicateFactory [Between]
2025-03-05 22:19:38 [main] INFO  o.s.c.g.r.RouteDefinitionRouteLocator - Loaded RoutePredicateFactory [Cookie]
2025-03-05 22:19:38 [main] INFO  o.s.c.g.r.RouteDefinitionRouteLocator - Loaded RoutePredicateFactory [Header]
2025-03-05 22:19:38 [main] INFO  o.s.c.g.r.RouteDefinitionRouteLocator - Loaded RoutePredicateFactory [Host]
2025-03-05 22:19:38 [main] INFO  o.s.c.g.r.RouteDefinitionRouteLocator - Loaded RoutePredicateFactory [Method]
2025-03-05 22:19:38 [main] INFO  o.s.c.g.r.RouteDefinitionRouteLocator - Loaded RoutePredicateFactory [Path]
2025-03-05 22:19:38 [main] INFO  o.s.c.g.r.RouteDefinitionRouteLocator - Loaded RoutePredicateFactory [Query]
2025-03-05 22:19:38 [main] INFO  o.s.c.g.r.RouteDefinitionRouteLocator - Loaded RoutePredicateFactory [ReadBody]
2025-03-05 22:19:38 [main] INFO  o.s.c.g.r.RouteDefinitionRouteLocator - Loaded RoutePredicateFactory [RemoteAddr]
2025-03-05 22:19:38 [main] INFO  o.s.c.g.r.RouteDefinitionRouteLocator - Loaded RoutePredicateFactory [XForwardedRemoteAddr]
2025-03-05 22:19:38 [main] INFO  o.s.c.g.r.RouteDefinitionRouteLocator - Loaded RoutePredicateFactory [Weight]
2025-03-05 22:19:38 [main] INFO  o.s.c.g.r.RouteDefinitionRouteLocator - Loaded RoutePredicateFactory [CloudFoundryRouteService]
2025-03-05 22:19:38 [main] INFO  o.s.b.a.e.web.EndpointLinksResolver - Exposing 15 endpoint(s) beneath base path '/actuator'
2025-03-05 22:19:38 [main] INFO  o.s.b.a.s.r.ReactiveUserDetailsServiceAutoConfiguration - 

Using generated security password: 974b126a-c98e-48a2-9ccc-6563138cc7e1

2025-03-05 22:19:39 [main] INFO  o.s.b.w.e.netty.NettyWebServer - Netty started on port 8080
2025-03-05 22:19:39 [main] DEBUG o.s.c.g.r.RouteDefinitionRouteLocator - RouteDefinition ms-customer applying {_genkey_0=/api/v1/customers/**} to Path
2025-03-05 22:19:39 [main] DEBUG o.s.c.g.r.RouteDefinitionRouteLocator - RouteDefinition matched: ms-customer
2025-03-05 22:19:39 [main] DEBUG o.s.c.g.r.RouteDefinitionRouteLocator - RouteDefinition ms-accounts applying {_genkey_0=/v1.0/accounts/**} to Path
2025-03-05 22:19:39 [main] DEBUG o.s.c.g.r.RouteDefinitionRouteLocator - RouteDefinition matched: ms-accounts
2025-03-05 22:19:39 [main] DEBUG o.s.c.g.r.RouteDefinitionRouteLocator - RouteDefinition ms-credits applying {_genkey_0=/v1.0/credits/**} to Path
2025-03-05 22:19:39 [main] DEBUG o.s.c.g.r.RouteDefinitionRouteLocator - RouteDefinition matched: ms-credits
2025-03-05 22:19:39 [main] DEBUG o.s.c.g.r.RouteDefinitionRouteLocator - RouteDefinition ms-transactions applying {_genkey_0=/v1.0/transactions/**} to Path
2025-03-05 22:19:39 [main] DEBUG o.s.c.g.r.RouteDefinitionRouteLocator - RouteDefinition matched: ms-transactions
2025-03-05 22:19:39 [main] DEBUG o.s.c.g.r.RouteDefinitionRouteLocator - RouteDefinition ms-authentication applying {_genkey_0=/api/v1/auth/**} to Path
2025-03-05 22:19:39 [main] DEBUG o.s.c.g.r.RouteDefinitionRouteLocator - RouteDefinition matched: ms-authentication
2025-03-05 22:19:39 [main] DEBUG o.s.c.g.filter.GatewayMetricsFilter - New routes count: 5
2025-03-05 22:19:39 [main] INFO  c.b.p.msgateway.MsgatewayApplication - Started MsgatewayApplication in 7.255 seconds (process running for 8.355)
2025-03-05 22:28:20 [background-preinit] INFO  o.h.validator.internal.util.Version - HV000001: Hibernate Validator 8.0.1.Final
2025-03-05 22:28:21 [main] INFO  o.s.c.c.c.ConfigServicePropertySourceLocator - Fetching config from server at : http://localhost:8888
2025-03-05 22:28:22 [main] INFO  o.s.c.c.c.ConfigServicePropertySourceLocator - Located environment: name=ms-gateway, profiles=[default], label=null, version=4f9585241877bafcccb4f3bc0da2770dc3f33c78, state=null
2025-03-05 22:28:22 [main] INFO  o.s.c.b.c.PropertySourceBootstrapConfiguration - Located property source: [BootstrapPropertySource {name='bootstrapProperties-configClient'}, BootstrapPropertySource {name='bootstrapProperties-https://github.com/avillonBootcamp59/ms-admin-server-data/ms-gateway.yml'}]
2025-03-05 22:28:22 [main] INFO  c.b.p.msgateway.MsgatewayApplication - No active profile set, falling back to 1 default profile: "default"
2025-03-05 22:28:23 [main] INFO  o.s.cloud.context.scope.GenericScope - BeanFactory id=45b67648-ed2d-3836-97ee-3959ce007a2c
2025-03-05 22:28:24 [main] DEBUG o.s.c.g.config.GatewayProperties - Routes supplied from Gateway Properties: [RouteDefinition{id='ms-customer', predicates=[PredicateDefinition{name='Path', args={_genkey_0=/api/v1/customers/**}}], filters=[], uri=http://localhost:8081, order=0, metadata={}}, RouteDefinition{id='ms-accounts', predicates=[PredicateDefinition{name='Path', args={_genkey_0=/v1.0/accounts/**}}], filters=[], uri=http://localhost:8082, order=0, metadata={}}, RouteDefinition{id='ms-credits', predicates=[PredicateDefinition{name='Path', args={_genkey_0=/v1.0/credits/**}}], filters=[], uri=http://localhost:8083, order=0, metadata={}}, RouteDefinition{id='ms-transactions', predicates=[PredicateDefinition{name='Path', args={_genkey_0=/v1.0/transactions/**}}], filters=[], uri=http://localhost:8084, order=0, metadata={}}, RouteDefinition{id='ms-authentication', predicates=[PredicateDefinition{name='Path', args={_genkey_0=/api/v1/auth/**}}], filters=[], uri=http://localhost:8088, order=0, metadata={}}]
2025-03-05 22:28:24 [main] INFO  o.s.c.g.r.RouteDefinitionRouteLocator - Loaded RoutePredicateFactory [After]
2025-03-05 22:28:24 [main] INFO  o.s.c.g.r.RouteDefinitionRouteLocator - Loaded RoutePredicateFactory [Before]
2025-03-05 22:28:24 [main] INFO  o.s.c.g.r.RouteDefinitionRouteLocator - Loaded RoutePredicateFactory [Between]
2025-03-05 22:28:24 [main] INFO  o.s.c.g.r.RouteDefinitionRouteLocator - Loaded RoutePredicateFactory [Cookie]
2025-03-05 22:28:24 [main] INFO  o.s.c.g.r.RouteDefinitionRouteLocator - Loaded RoutePredicateFactory [Header]
2025-03-05 22:28:24 [main] INFO  o.s.c.g.r.RouteDefinitionRouteLocator - Loaded RoutePredicateFactory [Host]
2025-03-05 22:28:24 [main] INFO  o.s.c.g.r.RouteDefinitionRouteLocator - Loaded RoutePredicateFactory [Method]
2025-03-05 22:28:24 [main] INFO  o.s.c.g.r.RouteDefinitionRouteLocator - Loaded RoutePredicateFactory [Path]
2025-03-05 22:28:24 [main] INFO  o.s.c.g.r.RouteDefinitionRouteLocator - Loaded RoutePredicateFactory [Query]
2025-03-05 22:28:24 [main] INFO  o.s.c.g.r.RouteDefinitionRouteLocator - Loaded RoutePredicateFactory [ReadBody]
2025-03-05 22:28:24 [main] INFO  o.s.c.g.r.RouteDefinitionRouteLocator - Loaded RoutePredicateFactory [RemoteAddr]
2025-03-05 22:28:24 [main] INFO  o.s.c.g.r.RouteDefinitionRouteLocator - Loaded RoutePredicateFactory [XForwardedRemoteAddr]
2025-03-05 22:28:24 [main] INFO  o.s.c.g.r.RouteDefinitionRouteLocator - Loaded RoutePredicateFactory [Weight]
2025-03-05 22:28:24 [main] INFO  o.s.c.g.r.RouteDefinitionRouteLocator - Loaded RoutePredicateFactory [CloudFoundryRouteService]
2025-03-05 22:28:25 [main] INFO  o.s.b.a.e.web.EndpointLinksResolver - Exposing 15 endpoint(s) beneath base path '/actuator'
2025-03-05 22:28:25 [main] INFO  o.s.b.a.s.r.ReactiveUserDetailsServiceAutoConfiguration - 

Using generated security password: cfc7e629-980c-4c8e-b47e-d42d64bb6c92

2025-03-05 22:28:26 [main] INFO  o.s.b.w.e.netty.NettyWebServer - Netty started on port 8080
2025-03-05 22:28:26 [main] DEBUG o.s.c.g.r.RouteDefinitionRouteLocator - RouteDefinition ms-customer applying {_genkey_0=/api/v1/customers/**} to Path
2025-03-05 22:28:26 [main] DEBUG o.s.c.g.r.RouteDefinitionRouteLocator - RouteDefinition matched: ms-customer
2025-03-05 22:28:26 [main] DEBUG o.s.c.g.r.RouteDefinitionRouteLocator - RouteDefinition ms-accounts applying {_genkey_0=/v1.0/accounts/**} to Path
2025-03-05 22:28:26 [main] DEBUG o.s.c.g.r.RouteDefinitionRouteLocator - RouteDefinition matched: ms-accounts
2025-03-05 22:28:26 [main] DEBUG o.s.c.g.r.RouteDefinitionRouteLocator - RouteDefinition ms-credits applying {_genkey_0=/v1.0/credits/**} to Path
2025-03-05 22:28:26 [main] DEBUG o.s.c.g.r.RouteDefinitionRouteLocator - RouteDefinition matched: ms-credits
2025-03-05 22:28:26 [main] DEBUG o.s.c.g.r.RouteDefinitionRouteLocator - RouteDefinition ms-transactions applying {_genkey_0=/v1.0/transactions/**} to Path
2025-03-05 22:28:26 [main] DEBUG o.s.c.g.r.RouteDefinitionRouteLocator - RouteDefinition matched: ms-transactions
2025-03-05 22:28:26 [main] DEBUG o.s.c.g.r.RouteDefinitionRouteLocator - RouteDefinition ms-authentication applying {_genkey_0=/api/v1/auth/**} to Path
2025-03-05 22:28:26 [main] DEBUG o.s.c.g.r.RouteDefinitionRouteLocator - RouteDefinition matched: ms-authentication
2025-03-05 22:28:26 [main] DEBUG o.s.c.g.filter.GatewayMetricsFilter - New routes count: 5
2025-03-05 22:28:26 [main] INFO  c.b.p.msgateway.MsgatewayApplication - Started MsgatewayApplication in 7.208 seconds (process running for 7.905)
2025-03-05 22:32:34 [background-preinit] INFO  o.h.validator.internal.util.Version - HV000001: Hibernate Validator 8.0.1.Final
2025-03-05 22:32:34 [main] INFO  o.s.c.c.c.ConfigServicePropertySourceLocator - Fetching config from server at : http://localhost:8888
2025-03-05 22:32:35 [main] INFO  o.s.c.c.c.ConfigServicePropertySourceLocator - Exception on Url - http://localhost:8888:org.springframework.web.client.ResourceAccessException: I/O error on GET request for "http://localhost:8888/ms-gateway/default": Connection refused: no further information. Will be trying the next url if available
2025-03-05 22:32:35 [main] ERROR o.s.boot.SpringApplication - Application run failed
java.lang.IllegalStateException: Could not locate PropertySource and the fail fast property is set, failing
	at org.springframework.cloud.config.client.ConfigServicePropertySourceLocator.locate(ConfigServicePropertySourceLocator.java:181)
	at org.springframework.cloud.bootstrap.config.PropertySourceLocator.locateCollection(PropertySourceLocator.java:50)
	at org.springframework.cloud.config.client.ConfigServicePropertySourceLocator.locateCollection(ConfigServicePropertySourceLocator.java:192)
	at org.springframework.cloud.bootstrap.config.PropertySourceBootstrapConfiguration.doInitialize(PropertySourceBootstrapConfiguration.java:121)
	at org.springframework.cloud.bootstrap.config.PropertySourceBootstrapConfiguration.initialize(PropertySourceBootstrapConfiguration.java:111)
	at org.springframework.boot.SpringApplication.applyInitializers(SpringApplication.java:611)
	at org.springframework.boot.SpringApplication.prepareContext(SpringApplication.java:391)
	at org.springframework.boot.SpringApplication.run(SpringApplication.java:315)
	at org.springframework.boot.SpringApplication.run(SpringApplication.java:1306)
	at org.springframework.boot.SpringApplication.run(SpringApplication.java:1295)
	at com.bank.pe.msgateway.MsgatewayApplication.main(MsgatewayApplication.java:12)
Caused by: org.springframework.web.client.ResourceAccessException: I/O error on GET request for "http://localhost:8888/ms-gateway/default": Connection refused: no further information
	at org.springframework.web.client.RestTemplate.createResourceAccessException(RestTemplate.java:888)
	at org.springframework.web.client.RestTemplate.doExecute(RestTemplate.java:868)
	at org.springframework.web.client.RestTemplate.execute(RestTemplate.java:764)
	at org.springframework.web.client.RestTemplate.exchange(RestTemplate.java:646)
	at org.springframework.cloud.config.client.ConfigServicePropertySourceLocator.getRemoteEnvironment(ConfigServicePropertySourceLocator.java:287)
	at org.springframework.cloud.config.client.ConfigServicePropertySourceLocator.locate(ConfigServicePropertySourceLocator.java:141)
	... 10 common frames omitted
Caused by: java.net.ConnectException: Connection refused: no further information
	at java.base/sun.nio.ch.Net.pollConnect(Native Method)
	at java.base/sun.nio.ch.Net.pollConnectNow(Net.java:672)
	at java.base/sun.nio.ch.NioSocketImpl.timedFinishConnect(NioSocketImpl.java:547)
	at java.base/sun.nio.ch.NioSocketImpl.connect(NioSocketImpl.java:602)
	at java.base/java.net.Socket.connect(Socket.java:633)
	at java.base/sun.net.NetworkClient.doConnect(NetworkClient.java:178)
	at java.base/sun.net.www.http.HttpClient.openServer(HttpClient.java:534)
	at java.base/sun.net.www.http.HttpClient.openServer(HttpClient.java:639)
	at java.base/sun.net.www.http.HttpClient.parseHTTPHeader(HttpClient.java:948)
	at java.base/sun.net.www.http.HttpClient.parseHTTP(HttpClient.java:762)
	at java.base/sun.net.www.protocol.http.HttpURLConnection.getInputStream0(HttpURLConnection.java:1709)
	at java.base/sun.net.www.protocol.http.HttpURLConnection.getInputStream(HttpURLConnection.java:1610)
	at java.base/java.net.HttpURLConnection.getResponseCode(HttpURLConnection.java:529)
	at org.springframework.http.client.SimpleBufferingClientHttpRequest.executeInternal(SimpleBufferingClientHttpRequest.java:81)
	at org.springframework.http.client.AbstractBufferingClientHttpRequest.executeInternal(AbstractBufferingClientHttpRequest.java:48)
	at org.springframework.http.client.AbstractClientHttpRequest.execute(AbstractClientHttpRequest.java:66)
	at org.springframework.web.client.RestTemplate.doExecute(RestTemplate.java:862)
	... 14 common frames omitted
2025-03-05 22:32:49 [background-preinit] INFO  o.h.validator.internal.util.Version - HV000001: Hibernate Validator 8.0.1.Final
2025-03-05 22:32:50 [main] INFO  o.s.c.c.c.ConfigServicePropertySourceLocator - Fetching config from server at : http://localhost:8888
2025-03-05 22:32:52 [main] INFO  o.s.c.c.c.ConfigServicePropertySourceLocator - Located environment: name=ms-gateway, profiles=[default], label=null, version=67b0e99d353a4f0359324a87a092ef5a3d42b2aa, state=null
2025-03-05 22:32:52 [main] INFO  o.s.c.b.c.PropertySourceBootstrapConfiguration - Located property source: [BootstrapPropertySource {name='bootstrapProperties-configClient'}, BootstrapPropertySource {name='bootstrapProperties-https://github.com/avillonBootcamp59/ms-admin-server-data/ms-gateway.yml'}]
2025-03-05 22:32:52 [main] INFO  c.b.p.msgateway.MsgatewayApplication - No active profile set, falling back to 1 default profile: "default"
2025-03-05 22:32:53 [main] INFO  o.s.cloud.context.scope.GenericScope - BeanFactory id=45b67648-ed2d-3836-97ee-3959ce007a2c
2025-03-05 22:32:54 [main] DEBUG o.s.c.g.config.GatewayProperties - Routes supplied from Gateway Properties: [RouteDefinition{id='ms-customer', predicates=[PredicateDefinition{name='Path', args={_genkey_0=/api/v1/customers/**}}], filters=[], uri=http://localhost:8081, order=0, metadata={}}, RouteDefinition{id='ms-accounts', predicates=[PredicateDefinition{name='Path', args={_genkey_0=/v1.0/accounts/**}}], filters=[], uri=http://localhost:8082, order=0, metadata={}}, RouteDefinition{id='ms-credits', predicates=[PredicateDefinition{name='Path', args={_genkey_0=/v1.0/credits/**}}], filters=[], uri=http://localhost:8083, order=0, metadata={}}, RouteDefinition{id='ms-transactions', predicates=[PredicateDefinition{name='Path', args={_genkey_0=/v1.0/transactions/**}}], filters=[], uri=http://localhost:8084, order=0, metadata={}}, RouteDefinition{id='ms-authentication', predicates=[PredicateDefinition{name='Path', args={_genkey_0=/api/v1/auth/**}}], filters=[], uri=http://localhost:8088, order=0, metadata={}}]
2025-03-05 22:32:54 [main] INFO  o.s.c.g.r.RouteDefinitionRouteLocator - Loaded RoutePredicateFactory [After]
2025-03-05 22:32:54 [main] INFO  o.s.c.g.r.RouteDefinitionRouteLocator - Loaded RoutePredicateFactory [Before]
2025-03-05 22:32:54 [main] INFO  o.s.c.g.r.RouteDefinitionRouteLocator - Loaded RoutePredicateFactory [Between]
2025-03-05 22:32:54 [main] INFO  o.s.c.g.r.RouteDefinitionRouteLocator - Loaded RoutePredicateFactory [Cookie]
2025-03-05 22:32:54 [main] INFO  o.s.c.g.r.RouteDefinitionRouteLocator - Loaded RoutePredicateFactory [Header]
2025-03-05 22:32:54 [main] INFO  o.s.c.g.r.RouteDefinitionRouteLocator - Loaded RoutePredicateFactory [Host]
2025-03-05 22:32:54 [main] INFO  o.s.c.g.r.RouteDefinitionRouteLocator - Loaded RoutePredicateFactory [Method]
2025-03-05 22:32:54 [main] INFO  o.s.c.g.r.RouteDefinitionRouteLocator - Loaded RoutePredicateFactory [Path]
2025-03-05 22:32:54 [main] INFO  o.s.c.g.r.RouteDefinitionRouteLocator - Loaded RoutePredicateFactory [Query]
2025-03-05 22:32:54 [main] INFO  o.s.c.g.r.RouteDefinitionRouteLocator - Loaded RoutePredicateFactory [ReadBody]
2025-03-05 22:32:54 [main] INFO  o.s.c.g.r.RouteDefinitionRouteLocator - Loaded RoutePredicateFactory [RemoteAddr]
2025-03-05 22:32:54 [main] INFO  o.s.c.g.r.RouteDefinitionRouteLocator - Loaded RoutePredicateFactory [XForwardedRemoteAddr]
2025-03-05 22:32:54 [main] INFO  o.s.c.g.r.RouteDefinitionRouteLocator - Loaded RoutePredicateFactory [Weight]
2025-03-05 22:32:54 [main] INFO  o.s.c.g.r.RouteDefinitionRouteLocator - Loaded RoutePredicateFactory [CloudFoundryRouteService]
2025-03-05 22:32:55 [main] INFO  o.s.b.a.e.web.EndpointLinksResolver - Exposing 15 endpoint(s) beneath base path '/actuator'
2025-03-05 22:32:55 [main] INFO  o.s.b.a.s.r.ReactiveUserDetailsServiceAutoConfiguration - 

Using generated security password: 491a5138-1a5f-4e47-90ca-68f1f3971968

2025-03-05 22:32:55 [main] INFO  o.s.b.w.e.netty.NettyWebServer - Netty started on port 8080
2025-03-05 22:32:55 [main] DEBUG o.s.c.g.r.RouteDefinitionRouteLocator - RouteDefinition ms-customer applying {_genkey_0=/api/v1/customers/**} to Path
2025-03-05 22:32:56 [main] DEBUG o.s.c.g.r.RouteDefinitionRouteLocator - RouteDefinition matched: ms-customer
2025-03-05 22:32:56 [main] DEBUG o.s.c.g.r.RouteDefinitionRouteLocator - RouteDefinition ms-accounts applying {_genkey_0=/v1.0/accounts/**} to Path
2025-03-05 22:32:56 [main] DEBUG o.s.c.g.r.RouteDefinitionRouteLocator - RouteDefinition matched: ms-accounts
2025-03-05 22:32:56 [main] DEBUG o.s.c.g.r.RouteDefinitionRouteLocator - RouteDefinition ms-credits applying {_genkey_0=/v1.0/credits/**} to Path
2025-03-05 22:32:56 [main] DEBUG o.s.c.g.r.RouteDefinitionRouteLocator - RouteDefinition matched: ms-credits
2025-03-05 22:32:56 [main] DEBUG o.s.c.g.r.RouteDefinitionRouteLocator - RouteDefinition ms-transactions applying {_genkey_0=/v1.0/transactions/**} to Path
2025-03-05 22:32:56 [main] DEBUG o.s.c.g.r.RouteDefinitionRouteLocator - RouteDefinition matched: ms-transactions
2025-03-05 22:32:56 [main] DEBUG o.s.c.g.r.RouteDefinitionRouteLocator - RouteDefinition ms-authentication applying {_genkey_0=/api/v1/auth/**} to Path
2025-03-05 22:32:56 [main] DEBUG o.s.c.g.r.RouteDefinitionRouteLocator - RouteDefinition matched: ms-authentication
2025-03-05 22:32:56 [main] DEBUG o.s.c.g.filter.GatewayMetricsFilter - New routes count: 5
2025-03-05 22:32:56 [main] INFO  c.b.p.msgateway.MsgatewayApplication - Started MsgatewayApplication in 7.113 seconds (process running for 7.696)
